1710082688.198282 client started (328811): version 3.2a, socket /tmp/tmux-1000/default, protocol 8
1710082688.198351 on Linux 6.5.0-21-generic #21~22.04.1-Ubuntu SMP PREEMPT_DYNAMIC Fri Feb  9 13:32:52 UTC 2
1710082688.198362 using libevent 2.1.12-stable (poll); ncurses 6.3
1710082688.198382 flags are 0x10010000
1710082688.198396 socket is /tmp/tmux-1000/default
1710082688.198421 trying connect
1710082688.198533 add peer 0x55e839d10100: 6 ((nil))
1710082688.198921 sending message 100 to peer 0x55e839d10100 (4 bytes)
1710082688.198940 sending message 111 to peer 0x55e839d10100 (8 bytes)
1710082688.198950 sending message 101 to peer 0x55e839d10100 (7 bytes)
1710082688.198960 sending message 109 to peer 0x55e839d10100 (4 bytes)
1710082688.198969 sending message 102 to peer 0x55e839d10100 (11 bytes)
1710082688.198979 sending message 108 to peer 0x55e839d10100 (28 bytes)
1710082688.198988 sending message 112 to peer 0x55e839d10100 (70 bytes)
1710082688.198998 sending message 112 to peer 0x55e839d10100 (5 bytes)
1710082688.199008 sending message 112 to peer 0x55e839d10100 (5 bytes)
1710082688.199018 sending message 112 to peer 0x55e839d10100 (6 bytes)
1710082688.199028 sending message 112 to peer 0x55e839d10100 (6 bytes)
1710082688.199038 sending message 112 to peer 0x55e839d10100 (11 bytes)
1710082688.199048 sending message 112 to peer 0x55e839d10100 (10 bytes)
1710082688.199057 sending message 112 to peer 0x55e839d10100 (13 bytes)
1710082688.199067 sending message 112 to peer 0x55e839d10100 (13 bytes)
1710082688.199077 sending message 112 to peer 0x55e839d10100 (18 bytes)
1710082688.199087 sending message 112 to peer 0x55e839d10100 (9 bytes)
1710082688.199097 sending message 112 to peer 0x55e839d10100 (21 bytes)
1710082688.199106 sending message 112 to peer 0x55e839d10100 (13 bytes)
1710082688.199116 sending message 112 to peer 0x55e839d10100 (7 bytes)
1710082688.199126 sending message 112 to peer 0x55e839d10100 (13 bytes)
1710082688.199136 sending message 112 to peer 0x55e839d10100 (7 bytes)
1710082688.199146 sending message 112 to peer 0x55e839d10100 (13 bytes)
1710082688.199155 sending message 112 to peer 0x55e839d10100 (9 bytes)
1710082688.199165 sending message 112 to peer 0x55e839d10100 (21 bytes)
1710082688.199175 sending message 112 to peer 0x55e839d10100 (13 bytes)
1710082688.199185 sending message 112 to peer 0x55e839d10100 (8 bytes)
1710082688.199194 sending message 112 to peer 0x55e839d10100 (12 bytes)
1710082688.199204 sending message 112 to peer 0x55e839d10100 (13 bytes)
1710082688.199214 sending message 112 to peer 0x55e839d10100 (9 bytes)
1710082688.199224 sending message 112 to peer 0x55e839d10100 (9 bytes)
1710082688.199234 sending message 112 to peer 0x55e839d10100 (12 bytes)
1710082688.199243 sending message 112 to peer 0x55e839d10100 (8 bytes)
1710082688.199253 sending message 112 to peer 0x55e839d10100 (7 bytes)
1710082688.199263 sending message 112 to peer 0x55e839d10100 (7 bytes)
1710082688.199273 sending message 112 to peer 0x55e839d10100 (9 bytes)
1710082688.199282 sending message 112 to peer 0x55e839d10100 (13 bytes)
1710082688.199292 sending message 112 to peer 0x55e839d10100 (9 bytes)
1710082688.199302 sending message 112 to peer 0x55e839d10100 (15 bytes)
1710082688.199312 sending message 112 to peer 0x55e839d10100 (13 bytes)
1710082688.199321 sending message 112 to peer 0x55e839d10100 (12 bytes)
1710082688.199331 sending message 112 to peer 0x55e839d10100 (8 bytes)
1710082688.199341 sending message 112 to peer 0x55e839d10100 (14 bytes)
1710082688.199351 sending message 112 to peer 0x55e839d10100 (9 bytes)
1710082688.199360 sending message 112 to peer 0x55e839d10100 (10 bytes)
1710082688.199370 sending message 112 to peer 0x55e839d10100 (10 bytes)
1710082688.199380 sending message 112 to peer 0x55e839d10100 (10 bytes)
1710082688.199390 sending message 112 to peer 0x55e839d10100 (10 bytes)
1710082688.199399 sending message 112 to peer 0x55e839d10100 (11 bytes)
1710082688.199409 sending message 112 to peer 0x55e839d10100 (10 bytes)
1710082688.199419 sending message 112 to peer 0x55e839d10100 (8 bytes)
1710082688.199449 sending message 112 to peer 0x55e839d10100 (11 bytes)
1710082688.199459 sending message 112 to peer 0x55e839d10100 (11 bytes)
1710082688.199469 sending message 112 to peer 0x55e839d10100 (11 bytes)
1710082688.199479 sending message 112 to peer 0x55e839d10100 (8 bytes)
1710082688.199489 sending message 112 to peer 0x55e839d10100 (8 bytes)
1710082688.199499 sending message 112 to peer 0x55e839d10100 (8 bytes)
1710082688.199509 sending message 112 to peer 0x55e839d10100 (10 bytes)
1710082688.199518 sending message 112 to peer 0x55e839d10100 (10 bytes)
1710082688.199528 sending message 112 to peer 0x55e839d10100 (10 bytes)
1710082688.199538 sending message 112 to peer 0x55e839d10100 (10 bytes)
1710082688.199548 sending message 112 to peer 0x55e839d10100 (10 bytes)
1710082688.199557 sending message 112 to peer 0x55e839d10100 (11 bytes)
1710082688.199568 sending message 112 to peer 0x55e839d10100 (11 bytes)
1710082688.199578 sending message 112 to peer 0x55e839d10100 (10 bytes)
1710082688.199588 sending message 112 to peer 0x55e839d10100 (9 bytes)
1710082688.199598 sending message 112 to peer 0x55e839d10100 (9 bytes)
1710082688.199608 sending message 112 to peer 0x55e839d10100 (12 bytes)
1710082688.199618 sending message 112 to peer 0x55e839d10100 (9 bytes)
1710082688.199627 sending message 112 to peer 0x55e839d10100 (6 bytes)
1710082688.199637 sending message 112 to peer 0x55e839d10100 (8 bytes)
1710082688.199647 sending message 112 to peer 0x55e839d10100 (15 bytes)
1710082688.199657 sending message 112 to peer 0x55e839d10100 (13 bytes)
1710082688.199667 sending message 112 to peer 0x55e839d10100 (16 bytes)
1710082688.199677 sending message 112 to peer 0x55e839d10100 (16 bytes)
1710082688.199686 sending message 112 to peer 0x55e839d10100 (10 bytes)
1710082688.199696 sending message 112 to peer 0x55e839d10100 (8 bytes)
1710082688.199706 sending message 112 to peer 0x55e839d10100 (15 bytes)
1710082688.199716 sending message 112 to peer 0x55e839d10100 (13 bytes)
1710082688.199726 sending message 112 to peer 0x55e839d10100 (10 bytes)
1710082688.199736 sending message 112 to peer 0x55e839d10100 (10 bytes)
1710082688.199746 sending message 112 to peer 0x55e839d10100 (5 bytes)
1710082688.199756 sending message 112 to peer 0x55e839d10100 (15 bytes)
1710082688.199767 sending message 104 to peer 0x55e839d10100 (0 bytes)
1710082688.199777 sending message 110 to peer 0x55e839d10100 (0 bytes)
1710082688.199788 sending message 107 to peer 0x55e839d10100 (4 bytes)
1710082688.199798 sending message 105 to peer 0x55e839d10100 (30 bytes)
1710082688.199807 sending message 105 to peer 0x55e839d10100 (15 bytes)
1710082688.199817 sending message 105 to peer 0x55e839d10100 (20 bytes)
1710082688.199827 sending message 105 to peer 0x55e839d10100 (54 bytes)
1710082688.199837 sending message 105 to peer 0x55e839d10100 (19 bytes)
1710082688.199847 sending message 105 to peer 0x55e839d10100 (11 bytes)
1710082688.199857 sending message 105 to peer 0x55e839d10100 (12 bytes)
1710082688.199866 sending message 105 to peer 0x55e839d10100 (12 bytes)
1710082688.199876 sending message 105 to peer 0x55e839d10100 (52 bytes)
1710082688.199886 sending message 105 to peer 0x55e839d10100 (37 bytes)
1710082688.199896 sending message 105 to peer 0x55e839d10100 (15 bytes)
1710082688.199905 sending message 105 to peer 0x55e839d10100 (20 bytes)
1710082688.199915 sending message 105 to peer 0x55e839d10100 (41 bytes)
1710082688.199925 sending message 105 to peer 0x55e839d10100 (17 bytes)
1710082688.199934 sending message 105 to peer 0x55e839d10100 (10 bytes)
1710082688.199944 sending message 105 to peer 0x55e839d10100 (23 bytes)
1710082688.199954 sending message 105 to peer 0x55e839d10100 (30 bytes)
1710082688.199964 sending message 105 to peer 0x55e839d10100 (27 bytes)
1710082688.199973 sending message 105 to peer 0x55e839d10100 (24 bytes)
1710082688.199983 sending message 105 to peer 0x55e839d10100 (20 bytes)
1710082688.199993 sending message 105 to peer 0x55e839d10100 (23 bytes)
1710082688.200002 sending message 105 to peer 0x55e839d10100 (21 bytes)
1710082688.200012 sending message 105 to peer 0x55e839d10100 (25 bytes)
1710082688.200035 sending message 105 to peer 0x55e839d10100 (20 bytes)
1710082688.200045 sending message 105 to peer 0x55e839d10100 (8 bytes)
1710082688.200055 sending message 105 to peer 0x55e839d10100 (17 bytes)
1710082688.200079 sending message 105 to peer 0x55e839d10100 (32 bytes)
1710082688.200093 sending message 105 to peer 0x55e839d10100 (1519 bytes)
1710082688.200104 sending message 105 to peer 0x55e839d10100 (22 bytes)
1710082688.200114 sending message 105 to peer 0x55e839d10100 (11 bytes)
1710082688.200123 sending message 105 to peer 0x55e839d10100 (380 bytes)
1710082688.200133 sending message 105 to peer 0x55e839d10100 (32 bytes)
1710082688.200143 sending message 105 to peer 0x55e839d10100 (19 bytes)
1710082688.200153 sending message 105 to peer 0x55e839d10100 (15 bytes)
1710082688.200163 sending message 105 to peer 0x55e839d10100 (19 bytes)
1710082688.200172 sending message 105 to peer 0x55e839d10100 (8 bytes)
1710082688.200182 sending message 105 to peer 0x55e839d10100 (19 bytes)
1710082688.200192 sending message 105 to peer 0x55e839d10100 (47 bytes)
1710082688.200202 sending message 105 to peer 0x55e839d10100 (12 bytes)
1710082688.200211 sending message 105 to peer 0x55e839d10100 (18 bytes)
1710082688.200221 sending message 105 to peer 0x55e839d10100 (26 bytes)
1710082688.200231 sending message 105 to peer 0x55e839d10100 (37 bytes)
1710082688.200241 sending message 105 to peer 0x55e839d10100 (13 bytes)
1710082688.200251 sending message 105 to peer 0x55e839d10100 (14 bytes)
1710082688.200261 sending message 105 to peer 0x55e839d10100 (12 bytes)
1710082688.200271 sending message 105 to peer 0x55e839d10100 (11 bytes)
1710082688.200280 sending message 105 to peer 0x55e839d10100 (38 bytes)
1710082688.200290 sending message 105 to peer 0x55e839d10100 (41 bytes)
1710082688.200300 sending message 105 to peer 0x55e839d10100 (23 bytes)
1710082688.200310 sending message 105 to peer 0x55e839d10100 (58 bytes)
1710082688.200319 sending message 105 to peer 0x55e839d10100 (31 bytes)
1710082688.200329 sending message 105 to peer 0x55e839d10100 (15 bytes)
1710082688.200339 sending message 105 to peer 0x55e839d10100 (52 bytes)
1710082688.200349 sending message 105 to peer 0x55e839d10100 (23 bytes)
1710082688.200359 sending message 105 to peer 0x55e839d10100 (23 bytes)
1710082688.200368 sending message 105 to peer 0x55e839d10100 (17 bytes)
1710082688.200378 sending message 105 to peer 0x55e839d10100 (58 bytes)
1710082688.200388 sending message 105 to peer 0x55e839d10100 (21 bytes)
1710082688.200398 sending message 105 to peer 0x55e839d10100 (11 bytes)
1710082688.200408 sending message 105 to peer 0x55e839d10100 (30 bytes)
1710082688.200418 sending message 105 to peer 0x55e839d10100 (16 bytes)
1710082688.200428 sending message 106 to peer 0x55e839d10100 (0 bytes)
1710082688.200440 sending message 200 to peer 0x55e839d10100 (4 bytes)
1710082688.200449 client loop enter
1710082688.205372 peer 0x55e839d10100 message 303
1710082688.205414 open write file 2 -
1710082688.205435 sending message 305 to peer 0x55e839d10100 (8 bytes)
1710082688.205481 write check file 2
1710082688.205890 peer 0x55e839d10100 message 304
1710082688.205907 write 58 to file 2
1710082688.205921 peer 0x55e839d10100 message 203
1710082688.205930 file 2 58 bytes left
1710082688.205964 write check file 2
1710082688.205974 client loop exit
